<?xml version="1.0" encoding="UTF-8"?>
<!-- Generated by org.testng.reporters.JUnitReportReporter -->
<testsuite hostname="Admin-PC" name="testCase.TestCase_Login" tests="1" failures="0" timestamp="7 Nov 2016 05:48:36 GMT" time="1.033" errors="0">
  <testcase name="request" time="1.033" classname="testCase.TestCase_Login"/>
</testsuite> <!-- testCase.TestCase_Login -->
